<?xml version="1.0" encoding="UTF-8"?>
<testng-results ignored="0" total="1" passed="1" failed="0" skipped="0">
  <reporter-output>
  </reporter-output>
  <suite started-at="2024-01-07T16:49:41 CST" name="Default suite" finished-at="2024-01-07T16:49:51 CST" duration-ms="10562">
    <groups>
    </groups>
    <test started-at="2024-01-07T16:49:41 CST" name="Default test" finished-at="2024-01-07T16:49:51 CST" duration-ms="10562">
      <class name="com.tutorialsninja.qa.TestCase_Medium.ShoppingcartTest">
        <test-method is-config="true" signature="setUp()[pri:0, instance:com.tutorialsninja.qa.TestCase_Medium.ShoppingcartTest@32ee6fee]" started-at="2024-01-07T16:49:41 CST" name="setUp" finished-at="2024-01-07T16:49:47 CST" duration-ms="6394" status="PASS">
          <reporter-output>
          </reporter-output>
        </test-method> <!-- setUp -->
        <test-method signature="testAddProductToCartAndVerify()[pri:0, instance:com.tutorialsninja.qa.TestCase_Medium.ShoppingcartTest@32ee6fee]" started-at="2024-01-07T16:49:47 CST" name="testAddProductToCartAndVerify" finished-at="2024-01-07T16:49:51 CST" duration-ms="3983" status="PASS">
          <reporter-output>
          </reporter-output>
        </test-method> <!-- testAddProductToCartAndVerify -->
        <test-method is-config="true" signature="tearDown()[pri:0, instance:com.tutorialsninja.qa.TestCase_Medium.ShoppingcartTest@32ee6fee]" started-at="2024-01-07T16:49:51 CST" name="tearDown" finished-at="2024-01-07T16:49:51 CST" duration-ms="161" status="PASS">
          <reporter-output>
          </reporter-output>
        </test-method> <!-- tearDown -->
      </class> <!-- com.tutorialsninja.qa.TestCase_Medium.ShoppingcartTest -->
    </test> <!-- Default test -->
  </suite> <!-- Default suite -->
</testng-results>
